# JRE version: OpenJDK Runtime Environment Temurin-17.0.13+11 (17.0.13+11) (build 17.0.13+11)
# Java VM: OpenJDK 64-Bit Server VM Temurin-17.0.13+11 (17.0.13+11, mixed mode, tiered, compressed oops, compressed class ptrs, parallel gc, bsd-amd64)
GC Precious Log:
 CPUs: 4 total, 4 available
 Memory: 16384M
 Large Page Support: Disabled
 NUMA Support: Disabled
 Compressed Oops: Enabled (Zero based)
 Alignments: Space 512K, Generation 512K, Heap 2M
 Heap Min Capacity: 100M
 Heap Initial Capacity: 100M
 Heap Max Capacity: 1G
 Pre-touch: Disabled
 Parallel Workers: 4
Heap:
 PSYoungGen      total 19456K, used 6189K [0x00000007eab00000, 0x00000007ec600000, 0x0000000800000000)
  eden space 14336K, 7% used [0x00000007eab00000,0x00000007eac18938,0x00000007eb900000)
  from space 5120K, 98% used [0x00000007ec100000,0x00000007ec5f2c88,0x00000007ec600000)
  to   space 5632K, 0% used [0x00000007ebb00000,0x00000007ebb00000,0x00000007ec080000)
 ParOldGen       total 293888K, used 278024K [0x00000007c0000000, 0x00000007d1f00000, 0x00000007eab00000)
  object space 293888K, 94% used [0x00000007c0000000,0x00000007d0f82140,0x00000007d1f00000)
 Metaspace       used 72047K, committed 73344K, reserved 1179648K
  class space    used 7599K, committed 8192K, reserved 1048576K
GC Heap History (20 events):
Event: 94.015 GC heap before
{Heap before GC invocations=280 (full 11):
 PSYoungGen      total 24576K, used 24545K [0x00000007eab00000, 0x00000007ec800000, 0x0000000800000000)
  eden space 23040K, 100% used [0x00000007eab00000,0x00000007ec180000,0x00000007ec180000)
  from space 1536K, 98% used [0x00000007ec600000,0x00000007ec7786d8,0x00000007ec780000)
  to   space 512K, 0% used [0x00000007ec780000,0x00000007ec780000,0x00000007ec800000)
 ParOldGen       total 293888K, used 261302K [0x00000007c0000000, 0x00000007d1f00000, 0x00000007eab00000)
  object space 293888K, 88% used [0x00000007c0000000,0x00000007cff2d848,0x00000007d1f00000)
 Metaspace       used 71431K, committed 72704K, reserved 1114112K
  class space    used 7551K, committed 8128K, reserved 1048576K
}
Event: 94.018 GC heap after
{Heap after GC invocations=280 (full 11):
 PSYoungGen      total 23552K, used 512K [0x00000007eab00000, 0x00000007ec980000, 0x0000000800000000)
  eden space 23040K, 0% used [0x00000007eab00000,0x00000007eab00000,0x00000007ec180000)
  from space 512K, 100% used [0x00000007ec780000,0x00000007ec800000,0x00000007ec800000)
  to   space 4096K, 0% used [0x00000007ec180000,0x00000007ec180000,0x00000007ec580000)
 ParOldGen       total 293888K, used 264378K [0x00000007c0000000, 0x00000007d1f00000, 0x00000007eab00000)
  object space 293888K, 89% used [0x00000007c0000000,0x00000007d022eb30,0x00000007d1f00000)
 Metaspace       used 71431K, committed 72704K, reserved 1114112K
  class space    used 7551K, committed 8128K, reserved 1048576K
}
Event: 94.098 GC heap before
{Heap before GC invocations=281 (full 11):
 PSYoungGen      total 23552K, used 23552K [0x00000007eab00000, 0x00000007ec980000, 0x0000000800000000)
  eden space 23040K, 100% used [0x00000007eab00000,0x00000007ec180000,0x00000007ec180000)
  from space 512K, 100% used [0x00000007ec780000,0x00000007ec800000,0x00000007ec800000)
  to   space 4096K, 0% used [0x00000007ec180000,0x00000007ec180000,0x00000007ec580000)
 ParOldGen       total 293888K, used 264380K [0x00000007c0000000, 0x00000007d1f00000, 0x00000007eab00000)
  object space 293888K, 89% used [0x00000007c0000000,0x00000007d022f3b8,0x00000007d1f00000)
 Metaspace       used 71433K, committed 72704K, reserved 1114112K
  class space    used 7551K, committed 8128K, reserved 1048576K
}
Event: 94.099 GC heap after
{Heap after GC invocations=281 (full 11):
 PSYoungGen      total 26112K, used 2816K [0x00000007eab00000, 0x00000007ec880000, 0x0000000800000000)
  eden space 23040K, 0% used [0x00000007eab00000,0x00000007eab00000,0x00000007ec180000)
  from space 3072K, 91% used [0x00000007ec180000,0x00000007ec440000,0x00000007ec480000)
  to   space 3584K, 0% used [0x00000007ec500000,0x00000007ec500000,0x00000007ec880000)
 ParOldGen       total 293888K, used 264452K [0x00000007c0000000, 0x00000007d1f00000, 0x00000007eab00000)
  object space 293888K, 89% used [0x00000007c0000000,0x00000007d02413b8,0x00000007d1f00000)
 Metaspace       used 71433K, committed 72704K, reserved 1114112K
  class space    used 7551K, committed 8128K, reserved 1048576K
}
Event: 94.346 GC heap before
{Heap before GC invocations=282 (full 11):
 PSYoungGen      total 26112K, used 25856K [0x00000007eab00000, 0x00000007ec880000, 0x0000000800000000)
  eden space 23040K, 100% used [0x00000007eab00000,0x00000007ec180000,0x00000007ec180000)
  from space 3072K, 91% used [0x00000007ec180000,0x00000007ec440000,0x00000007ec480000)
  to   space 3584K, 0% used [0x00000007ec500000,0x00000007ec500000,0x00000007ec880000)
 ParOldGen       total 293888K, used 264452K [0x00000007c0000000, 0x00000007d1f00000, 0x00000007eab00000)
  object space 293888K, 89% used [0x00000007c0000000,0x00000007d02413b8,0x00000007d1f00000)
 Metaspace       used 71435K, committed 72704K, reserved 1114112K
  class space    used 7551K, committed 8128K, reserved 1048576K
}
Event: 94.348 GC heap after
{Heap after GC invocations=282 (full 11):
 PSYoungGen      total 24576K, used 3572K [0x00000007eab00000, 0x00000007ecc80000, 0x0000000800000000)
  eden space 20992K, 0% used [0x00000007eab00000,0x00000007eab00000,0x00000007ebf80000)
  from space 3584K, 99% used [0x00000007ec500000,0x00000007ec87d000,0x00000007ec880000)
  to   space 5632K, 0% used [0x00000007ebf80000,0x00000007ebf80000,0x00000007ec500000)
 ParOldGen       total 293888K, used 265859K [0x00000007c0000000, 0x00000007d1f00000, 0x00000007eab00000)
  object space 293888K, 90% used [0x00000007c0000000,0x00000007d03a0ec8,0x00000007d1f00000)
 Metaspace       used 71435K, committed 72704K, reserved 1114112K
  class space    used 7551K, committed 8128K, reserved 1048576K
}
Event: 94.612 GC heap before
{Heap before GC invocations=283 (full 11):
 PSYoungGen      total 24576K, used 24564K [0x00000007eab00000, 0x00000007ecc80000, 0x0000000800000000)
  eden space 20992K, 100% used [0x00000007eab00000,0x00000007ebf80000,0x00000007ebf80000)
  from space 3584K, 99% used [0x00000007ec500000,0x00000007ec87d000,0x00000007ec880000)
  to   space 5632K, 0% used [0x00000007ebf80000,0x00000007ebf80000,0x00000007ec500000)
 ParOldGen       total 293888K, used 265859K [0x00000007c0000000, 0x00000007d1f00000, 0x00000007eab00000)
  object space 293888K, 90% used [0x00000007c0000000,0x00000007d03a0ec8,0x00000007d1f00000)
 Metaspace       used 71699K, committed 73024K, reserved 1179648K
  class space    used 7586K, committed 8128K, reserved 1048576K
}
Event: 94.614 GC heap after
{Heap after GC invocations=283 (full 11):
 PSYoungGen      total 25088K, used 3968K [0x00000007eab00000, 0x00000007ec880000, 0x0000000800000000)
  eden space 20992K, 0% used [0x00000007eab00000,0x00000007eab00000,0x00000007ebf80000)
  from space 4096K, 96% used [0x00000007ebf80000,0x00000007ec360040,0x00000007ec380000)
  to   space 4608K, 0% used [0x00000007ec400000,0x00000007ec400000,0x00000007ec880000)
 ParOldGen       total 293888K, used 265955K [0x00000007c0000000, 0x00000007d1f00000, 0x00000007eab00000)
  object space 293888K, 90% used [0x00000007c0000000,0x00000007d03b8ec8,0x00000007d1f00000)
 Metaspace       used 71699K, committed 73024K, reserved 1179648K
  class space    used 7586K, committed 8128K, reserved 1048576K
}
Event: 94.729 GC heap before
{Heap before GC invocations=284 (full 11):
 PSYoungGen      total 25088K, used 24960K [0x00000007eab00000, 0x00000007ec880000, 0x0000000800000000)
  eden space 20992K, 100% used [0x00000007eab00000,0x00000007ebf80000,0x00000007ebf80000)
  from space 4096K, 96% used [0x00000007ebf80000,0x00000007ec360040,0x00000007ec380000)
  to   space 4608K, 0% used [0x00000007ec400000,0x00000007ec400000,0x00000007ec880000)
 ParOldGen       total 293888K, used 265955K [0x00000007c0000000, 0x00000007d1f00000, 0x00000007eab00000)
  object space 293888K, 90% used [0x00000007c0000000,0x00000007d03b8ec8,0x00000007d1f00000)
 Metaspace       used 71735K, committed 73024K, reserved 1179648K
  class space    used 7587K, committed 8128K, reserved 1048576K
}
Event: 94.741 GC heap after
{Heap after GC invocations=284 (full 11):
 PSYoungGen      total 19968K, used 4597K [0x00000007eab00000, 0x00000007ed380000, 0x0000000800000000)
  eden space 15360K, 0% used [0x00000007eab00000,0x00000007eab00000,0x00000007eba00000)
  from space 4608K, 99% used [0x00000007ec400000,0x00000007ec87d7d0,0x00000007ec880000)
  to   space 10240K, 0% used [0x00000007eba00000,0x00000007eba00000,0x00000007ec400000)
 ParOldGen       total 293888K, used 270602K [0x00000007c0000000, 0x00000007d1f00000, 0x00000007eab00000)
  object space 293888K, 92% used [0x00000007c0000000,0x00000007d0842958,0x00000007d1f00000)
 Metaspace       used 71735K, committed 73024K, reserved 1179648K
  class space    used 7587K, committed 8128K, reserved 1048576K
}
Event: 95.016 GC heap before
{Heap before GC invocations=285 (full 11):
 PSYoungGen      total 19968K, used 19957K [0x00000007eab00000, 0x00000007ed380000, 0x0000000800000000)
  eden space 15360K, 100% used [0x00000007eab00000,0x00000007eba00000,0x00000007eba00000)
  from space 4608K, 99% used [0x00000007ec400000,0x00000007ec87d7d0,0x00000007ec880000)
  to   space 10240K, 0% used [0x00000007eba00000,0x00000007eba00000,0x00000007ec400000)
 ParOldGen       total 293888K, used 270602K [0x00000007c0000000, 0x00000007d1f00000, 0x00000007eab00000)
  object space 293888K, 92% used [0x00000007c0000000,0x00000007d0842958,0x00000007d1f00000)
 Metaspace       used 71763K, committed 73024K, reserved 1179648K
  class space    used 7593K, committed 8128K, reserved 1048576K
}
Event: 95.019 GC heap after
{Heap after GC invocations=285 (full 11):
 PSYoungGen      total 22528K, used 7004K [0x00000007eab00000, 0x00000007eca00000, 0x0000000800000000)
  eden space 15360K, 0% used [0x00000007eab00000,0x00000007eab00000,0x00000007eba00000)
  from space 7168K, 97% used [0x00000007eba00000,0x00000007ec0d73b8,0x00000007ec100000)
  to   space 8192K, 0% used [0x00000007ec200000,0x00000007ec200000,0x00000007eca00000)
 ParOldGen       total 293888K, used 270642K [0x00000007c0000000, 0x00000007d1f00000, 0x00000007eab00000)
  object space 293888K, 92% used [0x00000007c0000000,0x00000007d084c958,0x00000007d1f00000)
 Metaspace       used 71763K, committed 73024K, reserved 1179648K
  class space    used 7593K, committed 8128K, reserved 1048576K
}
Event: 95.176 GC heap before
{Heap before GC invocations=286 (full 11):
 PSYoungGen      total 22528K, used 22364K [0x00000007eab00000, 0x00000007eca00000, 0x0000000800000000)
  eden space 15360K, 100% used [0x00000007eab00000,0x00000007eba00000,0x00000007eba00000)
  from space 7168K, 97% used [0x00000007eba00000,0x00000007ec0d73b8,0x00000007ec100000)
  to   space 8192K, 0% used [0x00000007ec200000,0x00000007ec200000,0x00000007eca00000)
 ParOldGen       total 293888K, used 270642K [0x00000007c0000000, 0x00000007d1f00000, 0x00000007eab00000)
  object space 293888K, 92% used [0x00000007c0000000,0x00000007d084c958,0x00000007d1f00000)
 Metaspace       used 71848K, committed 73152K, reserved 1179648K
  class space    used 7596K, committed 8192K, reserved 1048576K
}
Event: 95.179 GC heap after
{Heap after GC invocations=286 (full 11):
 PSYoungGen      total 22528K, used 8160K [0x00000007eab00000, 0x00000007ecc00000, 0x0000000800000000)
  eden space 14336K, 0% used [0x00000007eab00000,0x00000007eab00000,0x00000007eb900000)
  from space 8192K, 99% used [0x00000007ec200000,0x00000007ec9f8370,0x00000007eca00000)
  to   space 9216K, 0% used [0x00000007eb900000,0x00000007eb900000,0x00000007ec200000)
 ParOldGen       total 293888K, used 271135K [0x00000007c0000000, 0x00000007d1f00000, 0x00000007eab00000)
  object space 293888K, 92% used [0x00000007c0000000,0x00000007d08c7f60,0x00000007d1f00000)
 Metaspace       used 71848K, committed 73152K, reserved 1179648K
  class space    used 7596K, committed 8192K, reserved 1048576K
}
Event: 95.382 GC heap before
{Heap before GC invocations=287 (full 11):
 PSYoungGen      total 22528K, used 22496K [0x00000007eab00000, 0x00000007ecc00000, 0x0000000800000000)
  eden space 14336K, 100% used [0x00000007eab00000,0x00000007eb900000,0x00000007eb900000)
  from space 8192K, 99% used [0x00000007ec200000,0x00000007ec9f8370,0x00000007eca00000)
  to   space 9216K, 0% used [0x00000007eb900000,0x00000007eb900000,0x00000007ec200000)
 ParOldGen       total 293888K, used 271135K [0x00000007c0000000, 0x00000007d1f00000, 0x00000007eab00000)
  object space 293888K, 92% used [0x00000007c0000000,0x00000007d08c7f60,0x00000007d1f00000)
 Metaspace       used 71907K, committed 73216K, reserved 1179648K
  class space    used 7596K, committed 8192K, reserved 1048576K
}
Event: 95.386 GC heap after
{Heap after GC invocations=287 (full 11):
 PSYoungGen      total 23552K, used 9190K [0x00000007eab00000, 0x00000007ecd00000, 0x0000000800000000)
  eden space 14336K, 0% used [0x00000007eab00000,0x00000007eab00000,0x00000007eb900000)
  from space 9216K, 99% used [0x00000007eb900000,0x00000007ec1f9b20,0x00000007ec200000)
  to   space 10240K, 0% used [0x00000007ec300000,0x00000007ec300000,0x00000007ecd00000)
 ParOldGen       total 293888K, used 271631K [0x00000007c0000000, 0x00000007d1f00000, 0x00000007eab00000)
  object space 293888K, 92% used [0x00000007c0000000,0x00000007d0943f60,0x00000007d1f00000)
 Metaspace       used 71907K, committed 73216K, reserved 1179648K
  class space    used 7596K, committed 8192K, reserved 1048576K
}
Event: 95.491 GC heap before
{Heap before GC invocations=288 (full 11):
 PSYoungGen      total 23552K, used 23526K [0x00000007eab00000, 0x00000007ecd00000, 0x0000000800000000)
  eden space 14336K, 100% used [0x00000007eab00000,0x00000007eb900000,0x00000007eb900000)
  from space 9216K, 99% used [0x00000007eb900000,0x00000007ec1f9b20,0x00000007ec200000)
  to   space 10240K, 0% used [0x00000007ec300000,0x00000007ec300000,0x00000007ecd00000)
 ParOldGen       total 293888K, used 271631K [0x00000007c0000000, 0x00000007d1f00000, 0x00000007eab00000)
  object space 293888K, 92% used [0x00000007c0000000,0x00000007d0943f60,0x00000007d1f00000)
 Metaspace       used 71942K, committed 73280K, reserved 1179648K
  class space    used 7599K, committed 8192K, reserved 1048576K
}
Event: 95.495 GC heap after
{Heap after GC invocations=288 (full 11):
 PSYoungGen      total 18944K, used 4582K [0x00000007eab00000, 0x00000007ec780000, 0x0000000800000000)
  eden space 14336K, 0% used [0x00000007eab00000,0x00000007eab00000,0x00000007eb900000)
  from space 4608K, 99% used [0x00000007ec300000,0x00000007ec7799e0,0x00000007ec780000)
  to   space 6656K, 0% used [0x00000007eba80000,0x00000007eba80000,0x00000007ec100000)
 ParOldGen       total 293888K, used 278016K [0x00000007c0000000, 0x00000007d1f00000, 0x00000007eab00000)
  object space 293888K, 94% used [0x00000007c0000000,0x00000007d0f80140,0x00000007d1f00000)
 Metaspace       used 71942K, committed 73280K, reserved 1179648K
  class space    used 7599K, committed 8192K, reserved 1048576K
}
Event: 95.558 GC heap before
{Heap before GC invocations=289 (full 11):
 PSYoungGen      total 18944K, used 18918K [0x00000007eab00000, 0x00000007ec780000, 0x0000000800000000)
  eden space 14336K, 100% used [0x00000007eab00000,0x00000007eb900000,0x00000007eb900000)
  from space 4608K, 99% used [0x00000007ec300000,0x00000007ec7799e0,0x00000007ec780000)
  to   space 6656K, 0% used [0x00000007eba80000,0x00000007eba80000,0x00000007ec100000)
 ParOldGen       total 293888K, used 278016K [0x00000007c0000000, 0x00000007d1f00000, 0x00000007eab00000)
  object space 293888K, 94% used [0x00000007c0000000,0x00000007d0f80140,0x00000007d1f00000)
 Metaspace       used 71942K, committed 73280K, reserved 1179648K
  class space    used 7599K, committed 8192K, reserved 1048576K
}
Event: 95.562 GC heap after
{Heap after GC invocations=289 (full 11):
 PSYoungGen      total 20992K, used 6305K [0x00000007eab00000, 0x00000007ec600000, 0x0000000800000000)
  eden space 14336K, 0% used [0x00000007eab00000,0x00000007eab00000,0x00000007eb900000)
  from space 6656K, 94% used [0x00000007eba80000,0x00000007ec0a8590,0x00000007ec100000)
  to   space 5120K, 0% used [0x00000007ec100000,0x00000007ec100000,0x00000007ec600000)
 ParOldGen       total 293888K, used 278016K [0x00000007c0000000, 0x00000007d1f00000, 0x00000007eab00000)
  object space 293888K, 94% used [0x00000007c0000000,0x00000007d0f80140,0x00000007d1f00000)
 Metaspace       used 71942K, committed 73280K, reserved 1179648K
  class space    used 7599K, committed 8192K, reserved 1048576K
}

