# JRE version: OpenJDK Runtime Environment Temurin-21.0.4+7 (21.0.4+7) (build 21.0.4+7-LTS)
# Java VM: OpenJDK 64-Bit Server VM Temurin-21.0.4+7 (21.0.4+7-LTS, mixed mode, emulated-client, tiered, compressed oops, compressed class ptrs, g1 gc, bsd-amd64)
GC Precious Log:
 CardTable entry size: 512
 Card Set container configuration: InlinePtr #cards 4 size 8 Array Of Cards #cards 16 size 48 Howl #buckets 8 coarsen threshold 3686 Howl Bitmap #cards 512 size 80 coarsen threshold 460 Card regions per heap region 1 cards per card region 4096
 CPUs: 4 total, 4 available
 Memory: 16384M
 Large Page Support: Disabled
 NUMA Support: Disabled
 Compressed Oops: Enabled (Zero based)
 Heap Region Size: 2M
 Heap Min Capacity: 8M
 Heap Initial Capacity: 256M
 Heap Max Capacity: 4G
 Pre-touch: Disabled
 Parallel Workers: 4
 Concurrent Workers: 1
 Concurrent Refinement Workers: 4
 Periodic GC: Disabled
Heap:
 garbage-first heap   total 274432K, used 108262K [0x0000000700000000, 0x0000000800000000)
  region size 2048K, 5 young (10240K), 4 survivors (8192K)
 Metaspace       used 97920K, committed 99520K, reserved 1179648K
  class space    used 13609K, committed 14272K, reserved 1048576K
GC Heap History (20 events):
Event: 30.827 GC heap before
{Heap before GC invocations=44 (full 0):
 garbage-first heap   total 106496K, used 83274K [0x0000000700000000, 0x0000000800000000)
  region size 2048K, 17 young (34816K), 1 survivors (2048K)
 Metaspace       used 79256K, committed 79936K, reserved 1179648K
  class space    used 10979K, committed 11264K, reserved 1048576K
}
Event: 30.847 GC heap after
{Heap after GC invocations=45 (full 0):
 garbage-first heap   total 106496K, used 63820K [0x0000000700000000, 0x0000000800000000)
  region size 2048K, 3 young (6144K), 3 survivors (6144K)
 Metaspace       used 79256K, committed 79936K, reserved 1179648K
  class space    used 10979K, committed 11264K, reserved 1048576K
}
Event: 31.029 GC heap before
{Heap before GC invocations=45 (full 0):
 garbage-first heap   total 106496K, used 84300K [0x0000000700000000, 0x0000000800000000)
  region size 2048K, 13 young (26624K), 3 survivors (6144K)
 Metaspace       used 79256K, committed 79936K, reserved 1179648K
  class space    used 10979K, committed 11264K, reserved 1048576K
}
Event: 31.071 GC heap after
{Heap after GC invocations=46 (full 0):
 garbage-first heap   total 106496K, used 71680K [0x0000000700000000, 0x0000000800000000)
  region size 2048K, 2 young (4096K), 2 survivors (4096K)
 Metaspace       used 79256K, committed 79936K, reserved 1179648K
  class space    used 10979K, committed 11264K, reserved 1048576K
}
Event: 31.329 GC heap before
{Heap before GC invocations=46 (full 0):
 garbage-first heap   total 106496K, used 88064K [0x0000000700000000, 0x0000000800000000)
  region size 2048K, 10 young (20480K), 2 survivors (4096K)
 Metaspace       used 79256K, committed 79936K, reserved 1179648K
  class space    used 10979K, committed 11264K, reserved 1048576K
}
Event: 31.348 GC heap after
{Heap after GC invocations=47 (full 0):
 garbage-first heap   total 106496K, used 79348K [0x0000000700000000, 0x0000000800000000)
  region size 2048K, 2 young (4096K), 2 survivors (4096K)
 Metaspace       used 79256K, committed 79936K, reserved 1179648K
  class space    used 10979K, committed 11264K, reserved 1048576K
}
Event: 31.537 GC heap before
{Heap before GC invocations=47 (full 0):
 garbage-first heap   total 106496K, used 91636K [0x0000000700000000, 0x0000000800000000)
  region size 2048K, 8 young (16384K), 2 survivors (4096K)
 Metaspace       used 79256K, committed 79936K, reserved 1179648K
  class space    used 10979K, committed 11264K, reserved 1048576K
}
Event: 31.553 GC heap after
{Heap after GC invocations=48 (full 0):
 garbage-first heap   total 106496K, used 84695K [0x0000000700000000, 0x0000000800000000)
  region size 2048K, 1 young (2048K), 1 survivors (2048K)
 Metaspace       used 79256K, committed 79936K, reserved 1179648K
  class space    used 10979K, committed 11264K, reserved 1048576K
}
Event: 31.728 GC heap before
{Heap before GC invocations=48 (full 0):
 garbage-first heap   total 137216K, used 88791K [0x0000000700000000, 0x0000000800000000)
  region size 2048K, 5 young (10240K), 1 survivors (2048K)
 Metaspace       used 79256K, committed 79936K, reserved 1179648K
  class space    used 10979K, committed 11264K, reserved 1048576K
}
Event: 31.746 GC heap after
{Heap after GC invocations=49 (full 0):
 garbage-first heap   total 274432K, used 84634K [0x0000000700000000, 0x0000000800000000)
  region size 2048K, 1 young (2048K), 1 survivors (2048K)
 Metaspace       used 79256K, committed 79936K, reserved 1179648K
  class space    used 10979K, committed 11264K, reserved 1048576K
}
Event: 33.047 GC heap before
{Heap before GC invocations=50 (full 0):
 garbage-first heap   total 274432K, used 162458K [0x0000000700000000, 0x0000000800000000)
  region size 2048K, 38 young (77824K), 1 survivors (2048K)
 Metaspace       used 79256K, committed 79936K, reserved 1179648K
  class space    used 10979K, committed 11264K, reserved 1048576K
}
Event: 33.074 GC heap after
{Heap after GC invocations=51 (full 0):
 garbage-first heap   total 274432K, used 101552K [0x0000000700000000, 0x0000000800000000)
  region size 2048K, 5 young (10240K), 5 survivors (10240K)
 Metaspace       used 79256K, committed 79936K, reserved 1179648K
  class space    used 10979K, committed 11264K, reserved 1048576K
}
Event: 41.345 GC heap before
{Heap before GC invocations=51 (full 0):
 garbage-first heap   total 274432K, used 177328K [0x0000000700000000, 0x0000000800000000)
  region size 2048K, 42 young (86016K), 5 survivors (10240K)
 Metaspace       used 85895K, committed 86656K, reserved 1179648K
  class space    used 11922K, committed 12288K, reserved 1048576K
}
Event: 41.366 GC heap after
{Heap after GC invocations=52 (full 0):
 garbage-first heap   total 274432K, used 101448K [0x0000000700000000, 0x0000000800000000)
  region size 2048K, 3 young (6144K), 3 survivors (6144K)
 Metaspace       used 85895K, committed 86656K, reserved 1179648K
  class space    used 11922K, committed 12288K, reserved 1048576K
}
Event: 51.447 GC heap before
{Heap before GC invocations=52 (full 0):
 garbage-first heap   total 274432K, used 177224K [0x0000000700000000, 0x0000000800000000)
  region size 2048K, 41 young (83968K), 3 survivors (6144K)
 Metaspace       used 94363K, committed 95488K, reserved 1179648K
  class space    used 13100K, committed 13568K, reserved 1048576K
}
Event: 51.479 GC heap after
{Heap after GC invocations=53 (full 0):
 garbage-first heap   total 274432K, used 108784K [0x0000000700000000, 0x0000000800000000)
  region size 2048K, 6 young (12288K), 6 survivors (12288K)
 Metaspace       used 94363K, committed 95488K, reserved 1179648K
  class space    used 13100K, committed 13568K, reserved 1048576K
}
Event: 202.265 GC heap before
{Heap before GC invocations=54 (full 0):
 garbage-first heap   total 274432K, used 207088K [0x0000000700000000, 0x0000000800000000)
  region size 2048K, 59 young (120832K), 6 survivors (12288K)
 Metaspace       used 98003K, committed 99392K, reserved 1179648K
  class space    used 13641K, committed 14272K, reserved 1048576K
}
Event: 202.307 GC heap after
{Heap after GC invocations=55 (full 0):
 garbage-first heap   total 274432K, used 107447K [0x0000000700000000, 0x0000000800000000)
  region size 2048K, 8 young (16384K), 8 survivors (16384K)
 Metaspace       used 98003K, committed 99392K, reserved 1179648K
  class space    used 13641K, committed 14272K, reserved 1048576K
}
Event: 205.491 GC heap before
{Heap before GC invocations=55 (full 0):
 garbage-first heap   total 274432K, used 113591K [0x0000000700000000, 0x0000000800000000)
  region size 2048K, 12 young (24576K), 8 survivors (16384K)
 Metaspace       used 98153K, committed 99520K, reserved 1179648K
  class space    used 13666K, committed 14272K, reserved 1048576K
}
Event: 205.529 GC heap after
{Heap after GC invocations=56 (full 0):
 garbage-first heap   total 274432K, used 108262K [0x0000000700000000, 0x0000000800000000)
  region size 2048K, 4 young (8192K), 4 survivors (8192K)
 Metaspace       used 98153K, committed 99520K, reserved 1179648K
  class space    used 13666K, committed 14272K, reserved 1048576K
}

