# JRE version: OpenJDK Runtime Environment Temurin-21.0.4+7 (21.0.4+7) (build 21.0.4+7-LTS)
# Java VM: OpenJDK 64-Bit Server VM Temurin-21.0.4+7 (21.0.4+7-LTS, mixed mode, emulated-client, tiered, compressed oops, compressed class ptrs, g1 gc, bsd-amd64)
GC Precious Log:
 CardTable entry size: 512
 Card Set container configuration: InlinePtr #cards 4 size 8 Array Of Cards #cards 16 size 48 Howl #buckets 8 coarsen threshold 3686 Howl Bitmap #cards 512 size 80 coarsen threshold 460 Card regions per heap region 1 cards per card region 4096
 CPUs: 4 total, 4 available
 Memory: 16384M
 Large Page Support: Disabled
 NUMA Support: Disabled
 Compressed Oops: Enabled (Zero based)
 Heap Region Size: 2M
 Heap Min Capacity: 8M
 Heap Initial Capacity: 256M
 Heap Max Capacity: 4G
 Pre-touch: Disabled
 Parallel Workers: 4
 Concurrent Workers: 1
 Concurrent Refinement Workers: 4
 Periodic GC: Disabled
Heap:
 garbage-first heap   total 61440K, used 48668K [0x0000000700000000, 0x0000000800000000)
  region size 2048K, 14 young (28672K), 1 survivors (2048K)
 Metaspace       used 49033K, committed 49536K, reserved 1114112K
  class space    used 6171K, committed 6400K, reserved 1048576K
GC Heap History (20 events):
Event: 1.114 GC heap after
{Heap after GC invocations=1 (full 0):
 garbage-first heap   total 262144K, used 7158K [0x0000000700000000, 0x0000000800000000)
  region size 2048K, 1 young (2048K), 1 survivors (2048K)
 Metaspace       used 10613K, committed 10816K, reserved 1114112K
  class space    used 1006K, committed 1088K, reserved 1048576K
}
Event: 2.101 GC heap before
{Heap before GC invocations=1 (full 0):
 garbage-first heap   total 262144K, used 17398K [0x0000000700000000, 0x0000000800000000)
  region size 2048K, 6 young (12288K), 1 survivors (2048K)
 Metaspace       used 16520K, committed 16832K, reserved 1114112K
  class space    used 1664K, committed 1792K, reserved 1048576K
}
Event: 2.104 GC heap after
{Heap after GC invocations=2 (full 0):
 garbage-first heap   total 262144K, used 9191K [0x0000000700000000, 0x0000000800000000)
  region size 2048K, 1 young (2048K), 1 survivors (2048K)
 Metaspace       used 16520K, committed 16832K, reserved 1114112K
  class space    used 1664K, committed 1792K, reserved 1048576K
}
Event: 2.787 GC heap before
{Heap before GC invocations=2 (full 0):
 garbage-first heap   total 262144K, used 25575K [0x0000000700000000, 0x0000000800000000)
  region size 2048K, 10 young (20480K), 1 survivors (2048K)
 Metaspace       used 21181K, committed 21504K, reserved 1114112K
  class space    used 2328K, committed 2496K, reserved 1048576K
}
Event: 2.792 GC heap after
{Heap after GC invocations=3 (full 0):
 garbage-first heap   total 262144K, used 11009K [0x0000000700000000, 0x0000000800000000)
  region size 2048K, 2 young (4096K), 2 survivors (4096K)
 Metaspace       used 21181K, committed 21504K, reserved 1114112K
  class space    used 2328K, committed 2496K, reserved 1048576K
}
Event: 3.419 GC heap before
{Heap before GC invocations=4 (full 0):
 garbage-first heap   total 40960K, used 29441K [0x0000000700000000, 0x0000000800000000)
  region size 2048K, 12 young (24576K), 2 survivors (4096K)
 Metaspace       used 25657K, committed 25984K, reserved 1114112K
  class space    used 3060K, committed 3200K, reserved 1048576K
}
Event: 3.426 GC heap after
{Heap after GC invocations=5 (full 0):
 garbage-first heap   total 40960K, used 12031K [0x0000000700000000, 0x0000000800000000)
  region size 2048K, 2 young (4096K), 2 survivors (4096K)
 Metaspace       used 25657K, committed 25984K, reserved 1114112K
  class space    used 3060K, committed 3200K, reserved 1048576K
}
Event: 3.631 GC heap before
{Heap before GC invocations=5 (full 0):
 garbage-first heap   total 40960K, used 24319K [0x0000000700000000, 0x0000000800000000)
  region size 2048K, 9 young (18432K), 2 survivors (4096K)
 Metaspace       used 29664K, committed 30016K, reserved 1114112K
  class space    used 3409K, committed 3584K, reserved 1048576K
}
Event: 3.647 GC heap after
{Heap after GC invocations=6 (full 0):
 garbage-first heap   total 40960K, used 13542K [0x0000000700000000, 0x0000000800000000)
  region size 2048K, 2 young (4096K), 2 survivors (4096K)
 Metaspace       used 29664K, committed 30016K, reserved 1114112K
  class space    used 3409K, committed 3584K, reserved 1048576K
}
Event: 3.903 GC heap before
{Heap before GC invocations=6 (full 0):
 garbage-first heap   total 40960K, used 27878K [0x0000000700000000, 0x0000000800000000)
  region size 2048K, 9 young (18432K), 2 survivors (4096K)
 Metaspace       used 32978K, committed 33344K, reserved 1114112K
  class space    used 3886K, committed 4032K, reserved 1048576K
}
Event: 3.907 GC heap after
{Heap after GC invocations=7 (full 0):
 garbage-first heap   total 40960K, used 14756K [0x0000000700000000, 0x0000000800000000)
  region size 2048K, 2 young (4096K), 2 survivors (4096K)
 Metaspace       used 32978K, committed 33344K, reserved 1114112K
  class space    used 3886K, committed 4032K, reserved 1048576K
}
Event: 4.236 GC heap before
{Heap before GC invocations=7 (full 0):
 garbage-first heap   total 40960K, used 27044K [0x0000000700000000, 0x0000000800000000)
  region size 2048K, 9 young (18432K), 2 survivors (4096K)
 Metaspace       used 35308K, committed 35648K, reserved 1114112K
  class space    used 4205K, committed 4352K, reserved 1048576K
}
Event: 4.255 GC heap after
{Heap after GC invocations=8 (full 0):
 garbage-first heap   total 151552K, used 17371K [0x0000000700000000, 0x0000000800000000)
  region size 2048K, 2 young (4096K), 2 survivors (4096K)
 Metaspace       used 35308K, committed 35648K, reserved 1114112K
  class space    used 4205K, committed 4352K, reserved 1048576K
}
Event: 4.284 GC heap before
{Heap before GC invocations=8 (full 0):
 garbage-first heap   total 151552K, used 17371K [0x0000000700000000, 0x0000000800000000)
  region size 2048K, 3 young (6144K), 2 survivors (4096K)
 Metaspace       used 35621K, committed 35968K, reserved 1114112K
  class space    used 4227K, committed 4416K, reserved 1048576K
}
Event: 4.311 GC heap after
{Heap after GC invocations=9 (full 0):
 garbage-first heap   total 151552K, used 17052K [0x0000000700000000, 0x0000000800000000)
  region size 2048K, 2 young (4096K), 2 survivors (4096K)
 Metaspace       used 35621K, committed 35968K, reserved 1114112K
  class space    used 4227K, committed 4416K, reserved 1048576K
}
Event: 5.842 GC heap before
{Heap before GC invocations=10 (full 0):
 garbage-first heap   total 61440K, used 49820K [0x0000000700000000, 0x0000000800000000)
  region size 2048K, 18 young (36864K), 2 survivors (4096K)
 Metaspace       used 39316K, committed 39808K, reserved 1114112K
  class space    used 4783K, committed 4992K, reserved 1048576K
}
Event: 5.851 GC heap after
{Heap after GC invocations=11 (full 0):
 garbage-first heap   total 61440K, used 19306K [0x0000000700000000, 0x0000000800000000)
  region size 2048K, 3 young (6144K), 3 survivors (6144K)
 Metaspace       used 39316K, committed 39808K, reserved 1114112K
  class space    used 4783K, committed 4992K, reserved 1048576K
}
Event: 6.408 GC heap before
{Heap before GC invocations=11 (full 0):
 garbage-first heap   total 61440K, used 45930K [0x0000000700000000, 0x0000000800000000)
  region size 2048K, 16 young (32768K), 3 survivors (6144K)
 Metaspace       used 43452K, committed 44032K, reserved 1114112K
  class space    used 5448K, committed 5696K, reserved 1048576K
}
Event: 6.419 GC heap after
{Heap after GC invocations=12 (full 0):
 garbage-first heap   total 61440K, used 22044K [0x0000000700000000, 0x0000000800000000)
  region size 2048K, 2 young (4096K), 2 survivors (4096K)
 Metaspace       used 43452K, committed 44032K, reserved 1114112K
  class space    used 5448K, committed 5696K, reserved 1048576K
}
Event: 7.014 GC heap before
{Heap before GC invocations=12 (full 0):
 garbage-first heap   total 61440K, used 48668K [0x0000000700000000, 0x0000000800000000)
  region size 2048K, 15 young (30720K), 2 survivors (4096K)
 Metaspace       used 49033K, committed 49536K, reserved 1114112K
  class space    used 6171K, committed 6400K, reserved 1048576K
}

